<?xml version="1.0" encoding="UTF-8"?>
<robot generator="Robot 6.1.1 (Python 3.11.5 on win32)" generated="20230923 01:32:54.653" rpa="false" schemaversion="4">
<suite id="s1" name="Amazon Testes" source="D:\workspace\robotFramework\WebTesting\amazon_testes.robot">
<test id="s1-t1" name="Caso de Teste 01 - Acesso ao menu &quot;Eletrônicos&quot;" line="9">
<kw name="Abrir o navegador" library="amazon_resources" type="SETUP">
<kw name="Open Browser" library="SeleniumLibrary">
<arg>browser=chrome</arg>
<arg>options=add_experimental_option("detach", True)</arg>
<doc>Opens a new browser instance to the optional ``url``.</doc>
<msg timestamp="20230923 01:32:54.849" level="INFO">Opening browser 'chrome' to base url 'None'.</msg>
<status status="PASS" starttime="20230923 01:32:54.849" endtime="20230923 01:32:56.215"/>
</kw>
<kw name="Maximize Browser Window" library="SeleniumLibrary">
<doc>Maximizes current browser window.</doc>
<status status="PASS" starttime="20230923 01:32:56.215" endtime="20230923 01:32:56.329"/>
</kw>
<status status="PASS" starttime="20230923 01:32:54.848" endtime="20230923 01:32:56.329"/>
</kw>
<kw name="Acessar a home page do site Amazon.com.br" library="amazon_resources">
<kw name="Go To" library="SeleniumLibrary">
<arg>url=${URL}</arg>
<doc>Navigates the current browser window to the provided ``url``.</doc>
<msg timestamp="20230923 01:32:56.330" level="INFO">Opening url 'https://www.amazon.com.br/'</msg>
<status status="PASS" starttime="20230923 01:32:56.330" endtime="20230923 01:32:57.603"/>
</kw>
<kw name="Wait Until Element Is Visible" library="SeleniumLibrary">
<arg>locator=${MENU_ELETRONICOS}</arg>
<doc>Waits until the element ``locator`` is visible.</doc>
<status status="PASS" starttime="20230923 01:32:57.603" endtime="20230923 01:32:57.647"/>
</kw>
<status status="PASS" starttime="20230923 01:32:56.329" endtime="20230923 01:32:57.647"/>
</kw>
<kw name="Verificar se o título da página fica &quot;Amazon.com.br | Tudo pra você, de A a Z.&quot;" library="amazon_resources" sourcename="Verificar se o título da página fica &quot;${TITULO}&quot;">
<kw name="Title Should Be" library="SeleniumLibrary">
<arg>title=${TITULO}</arg>
<doc>Verifies that the current page title equals ``title``.</doc>
<msg timestamp="20230923 01:32:57.657" level="INFO">Page title is 'Amazon.com.br | Tudo pra você, de A a Z.'.</msg>
<status status="PASS" starttime="20230923 01:32:57.648" endtime="20230923 01:32:57.657"/>
</kw>
<status status="PASS" starttime="20230923 01:32:57.648" endtime="20230923 01:32:57.657"/>
</kw>
<kw name="Entrar no menu &quot;Eletrônicos&quot;" library="amazon_resources">
<kw name="Click Element" library="SeleniumLibrary">
<arg>locator=${MENU_ELETRONICOS}</arg>
<doc>Click the element identified by ``locator``.</doc>
<msg timestamp="20230923 01:32:57.658" level="INFO">Clicking element '//a[@href='/Eletronicos-e-Tecnologia/b/?ie=UTF8&amp;node=16209062011&amp;ref_=nav_cs_electronics'][contains(.,'Eletrônicos')]'.</msg>
<status status="PASS" starttime="20230923 01:32:57.658" endtime="20230923 01:32:59.623"/>
</kw>
<status status="PASS" starttime="20230923 01:32:57.657" endtime="20230923 01:32:59.623"/>
</kw>
<kw name="Verificar se aparece a frase &quot;Eletrônicos e Tecnologia&quot;" library="amazon_resources" sourcename="Verificar se aparece a frase &quot;${TEXTO_ELETRONICOS}&quot;">
<kw name="Wait Until Page Contains" library="SeleniumLibrary">
<arg>text=${TEXTO_ELETRONICOS}</arg>
<doc>Waits until ``text`` appears on the current page.</doc>
<status status="PASS" starttime="20230923 01:32:59.625" endtime="20230923 01:32:59.717"/>
</kw>
<kw name="Wait Until Element Is Visible" library="SeleniumLibrary">
<arg>locator=${HEADER_ELETRONICOS}</arg>
<doc>Waits until the element ``locator`` is visible.</doc>
<status status="PASS" starttime="20230923 01:32:59.717" endtime="20230923 01:32:59.800"/>
</kw>
<status status="PASS" starttime="20230923 01:32:59.625" endtime="20230923 01:32:59.800"/>
</kw>
<kw name="Verificar se o título da página fica &quot;Eletrônicos e Tecnologia | Amazon.com.br&quot;" library="amazon_resources" sourcename="Verificar se o título da página fica &quot;${TITULO}&quot;">
<kw name="Title Should Be" library="SeleniumLibrary">
<arg>title=${TITULO}</arg>
<doc>Verifies that the current page title equals ``title``.</doc>
<msg timestamp="20230923 01:32:59.828" level="INFO">Page title is 'Eletrônicos e Tecnologia | Amazon.com.br'.</msg>
<status status="PASS" starttime="20230923 01:32:59.801" endtime="20230923 01:32:59.828"/>
</kw>
<status status="PASS" starttime="20230923 01:32:59.801" endtime="20230923 01:32:59.828"/>
</kw>
<kw name="Verificar se aparece a categoria &quot;Computadores e Informática&quot;" library="amazon_resources" sourcename="Verificar se aparece a categoria &quot;${NOME_CATEGORIA}&quot;">
<kw name="Element Should Be Visible" library="SeleniumLibrary">
<arg>locator=//a[@aria-label='${NOME_CATEGORIA}']</arg>
<doc>Verifies that the element identified by ``locator`` is visible.</doc>
<msg timestamp="20230923 01:32:59.898" level="INFO">Element '//a[@aria-label='Computadores e Informática']' is displayed.</msg>
<status status="PASS" starttime="20230923 01:32:59.829" endtime="20230923 01:32:59.898"/>
</kw>
<status status="PASS" starttime="20230923 01:32:59.828" endtime="20230923 01:32:59.898"/>
</kw>
<kw name="Verificar se aparece a categoria &quot;Tablets&quot;" library="amazon_resources" sourcename="Verificar se aparece a categoria &quot;${NOME_CATEGORIA}&quot;">
<kw name="Element Should Be Visible" library="SeleniumLibrary">
<arg>locator=//a[@aria-label='${NOME_CATEGORIA}']</arg>
<doc>Verifies that the element identified by ``locator`` is visible.</doc>
<msg timestamp="20230923 01:32:59.966" level="INFO">Element '//a[@aria-label='Tablets']' is displayed.</msg>
<status status="PASS" starttime="20230923 01:32:59.898" endtime="20230923 01:32:59.966"/>
</kw>
<status status="PASS" starttime="20230923 01:32:59.898" endtime="20230923 01:32:59.966"/>
</kw>
<kw name="Fechar o navegador" library="amazon_resources" type="TEARDOWN">
<kw name="Close Browser" library="SeleniumLibrary">
<doc>Closes the current browser.</doc>
<status status="PASS" starttime="20230923 01:32:59.967" endtime="20230923 01:33:02.102"/>
</kw>
<status status="PASS" starttime="20230923 01:32:59.967" endtime="20230923 01:33:02.102"/>
</kw>
<doc>Esse teste verifica o menu eletrônicos do site da Amazon.com.br
e verifica a categoria computadores e Informática</doc>
<tag>categorias</tag>
<tag>menus</tag>
<status status="PASS" starttime="20230923 01:32:54.848" endtime="20230923 01:33:02.104"/>
</test>
<doc>Essa suite testa o site da Amazon.com.br</doc>
<status status="PASS" starttime="20230923 01:32:54.654" endtime="20230923 01:33:02.105"/>
</suite>
<statistics>
<total>
<stat pass="1" fail="0" skip="0">All Tests</stat>
</total>
<tag>
<stat pass="1" fail="0" skip="0">categorias</stat>
<stat pass="1" fail="0" skip="0">menus</stat>
</tag>
<suite>
<stat pass="1" fail="0" skip="0" id="s1" name="Amazon Testes">Amazon Testes</stat>
</suite>
</statistics>
<errors>
</errors>
</robot>
